Target Part: AGL125V2_QFN132_STD
Report for cell display.def_arch
  Core Cell usage:
              cell count     area count*area
              AND2     3      1.0        3.0
              AND3     4      1.0        4.0
               AO1    15      1.0       15.0
              AO1A    13      1.0       13.0
              AO1B     1      1.0        1.0
              AO1C     1      1.0        1.0
              AO1D     2      1.0        2.0
              AOI1     4      1.0        4.0
             AOI1B     3      1.0        3.0
              AX1A     1      1.0        1.0
              AX1D     1      1.0        1.0
              AX1E     1      1.0        1.0
             AXOI7     1      1.0        1.0
            CLKINT     1      0.0        0.0
               GND     2      0.0        0.0
               INV     2      1.0        2.0
              MIN3     1      1.0        1.0
               MX2    11      1.0       11.0
              MX2A     1      1.0        1.0
              MX2B     1      1.0        1.0
              MX2C     1      1.0        1.0
              NOR2    27      1.0       27.0
             NOR2A    41      1.0       41.0
             NOR2B    14      1.0       14.0
              NOR3     9      1.0        9.0
             NOR3A    15      1.0       15.0
             NOR3B    16      1.0       16.0
             NOR3C     4      1.0        4.0
               OA1     7      1.0        7.0
              OA1A     3      1.0        3.0
              OA1B     2      1.0        2.0
              OA1C     6      1.0        6.0
              OAI1     1      1.0        1.0
               OR2    17      1.0       17.0
              OR2A     4      1.0        4.0
              OR2B     7      1.0        7.0
               OR3    13      1.0       13.0
              OR3A     6      1.0        6.0
              OR3B     3      1.0        3.0
              OR3C     2      1.0        2.0
               VCC     2      0.0        0.0
               XA1     2      1.0        2.0
              XA1B     2      1.0        2.0
              XA1C     7      1.0        7.0
              XAI1     1      1.0        1.0
             XNOR2     3      1.0        3.0
              XO1A     2      1.0        2.0
              XOR2    15      1.0       15.0
             ZOR3I     1      1.0        1.0


              DFN1     3      1.0        3.0
            DFN1C0    20      1.0       20.0
          DFN1E0C0    15      1.0       15.0
            DFN1E1    10      1.0       10.0
          DFN1E1C0    11      1.0       11.0
            DFN1P0     2      1.0        2.0
                   -----          ----------
             TOTAL   363               358.0


  IO Cell usage:
              cell count
            CLKBUF     1
             INBUF    10
            OUTBUF    10
           TRIBUFF     2
                   -----
             TOTAL    23


Core Cells         : 358 of 3072 (12%)
IO Cells           : 23

  RAM/ROM Usage Summary
Block Rams : 0 of 8 (0%)

