Target Part: AGL125V2_QFN132_STD
Report for cell top.top1
  Core Cell usage:
              cell count     area count*area
              AND2    20      1.0       20.0
              AND3     4      1.0        4.0
               AO1    70      1.0       70.0
              AO1A    92      1.0       92.0
              AO1B     3      1.0        3.0
              AO1C    46      1.0       46.0
              AO1D     6      1.0        6.0
              AOI1    36      1.0       36.0
             AOI1B     2      1.0        2.0
               AX1     3      1.0        3.0
              AX1A     2      1.0        2.0
              AX1B    10      1.0       10.0
              AX1C    13      1.0       13.0
              AX1D     5      1.0        5.0
              AX1E     2      1.0        2.0
              AXO5     1      1.0        1.0
              AXO7     1      1.0        1.0
             AXOI4     1      1.0        1.0
            CLKINT     5      0.0        0.0
               GND     9      0.0        0.0
               INV     4      1.0        4.0
              MAJ3     1      1.0        1.0
              MIN3     1      1.0        1.0
               MX2   280      1.0      280.0
              MX2A    12      1.0       12.0
              MX2B     4      1.0        4.0
              MX2C    10      1.0       10.0
              NOR2   125      1.0      125.0
             NOR2A   229      1.0      229.0
             NOR2B   203      1.0      203.0
              NOR3    25      1.0       25.0
             NOR3A   259      1.0      259.0
             NOR3B   138      1.0      138.0
             NOR3C    98      1.0       98.0
               OA1    12      1.0       12.0
              OA1A     7      1.0        7.0
              OA1B    25      1.0       25.0
              OA1C    27      1.0       27.0
              OAI1     6      1.0        6.0
               OR2    90      1.0       90.0
              OR2A    44      1.0       44.0
              OR2B    19      1.0       19.0
               OR3   117      1.0      117.0
              OR3A     4      1.0        4.0
              OR3B     3      1.0        3.0
              OR3C     3      1.0        3.0
               VCC     9      0.0        0.0
               XA1     6      1.0        6.0
              XA1A     1      1.0        1.0
              XA1B     4      1.0        4.0
              XA1C     9      1.0        9.0
              XAI1     3      1.0        3.0
             XAI1A     2      1.0        2.0
             XNOR2    19      1.0       19.0
              XOR2    49      1.0       49.0
              XOR3     2      1.0        2.0


              DFN1    62      1.0       62.0
            DFN1C0    42      1.0       42.0
            DFN1E0   192      1.0      192.0
          DFN1E0C0    19      1.0       19.0
          DFN1E0P0     1      1.0        1.0
            DFN1E1     7      1.0        7.0
          DFN1E1C0    48      1.0       48.0
          DFN1E1P0     1      1.0        1.0
            DFN1P0     8      1.0        8.0
              DLN1    13      1.0       13.0
                   -----          ----------
             TOTAL  2574              2551.0


  IO Cell usage:
              cell count
            CLKBUF     1
             INBUF     1
            OUTBUF     5
           TRIBUFF     2
                   -----
             TOTAL     9


Core Cells         : 2551 of 3072 (83%)
IO Cells           : 9

  RAM/ROM Usage Summary
Block Rams : 0 of 8 (0%)

